I, [2018-01-09T16:54:02.335689 #6705]  INFO -- Kitchen: -----> Starting Kitchen (v1.17.0)
I, [2018-01-09T16:54:03.059769 #6705]  INFO -- Kitchen: -----> Converging <outlyer-agent-ubuntu-1604>...
E, [2018-01-09T16:54:31.422261 #6705] ERROR -- Kitchen: ------Exception-------
E, [2018-01-09T16:54:31.422299 #6705] ERROR -- Kitchen: Class: Kitchen::ActionFailed
E, [2018-01-09T16:54:31.422317 #6705] ERROR -- Kitchen: Message: 1 actions failed.
>>>>>>     Converge failed on instance <outlyer-agent-ubuntu-1604>.  Please see .kitchen/logs/outlyer-agent-ubuntu-1604.log for more details
E, [2018-01-09T16:54:31.422331 #6705] ERROR -- Kitchen: ----------------------
E, [2018-01-09T16:54:31.422344 #6705] ERROR -- Kitchen: ------Backtrace-------
E, [2018-01-09T16:54:31.422363 #6705] ERROR -- Kitchen: /opt/chefdk/embedded/lib/ruby/gems/2.4.0/gems/test-kitchen-1.17.0/lib/kitchen/command.rb:183:in `report_errors'
E, [2018-01-09T16:54:31.422385 #6705] ERROR -- Kitchen: /opt/chefdk/embedded/lib/ruby/gems/2.4.0/gems/test-kitchen-1.17.0/lib/kitchen/command.rb:174:in `run_action'
E, [2018-01-09T16:54:31.422398 #6705] ERROR -- Kitchen: /opt/chefdk/embedded/lib/ruby/gems/2.4.0/gems/test-kitchen-1.17.0/lib/kitchen/command/action.rb:36:in `block in call'
E, [2018-01-09T16:54:31.422410 #6705] ERROR -- Kitchen: /opt/chefdk/embedded/lib/ruby/2.4.0/benchmark.rb:293:in `measure'
E, [2018-01-09T16:54:31.422420 #6705] ERROR -- Kitchen: /opt/chefdk/embedded/lib/ruby/gems/2.4.0/gems/test-kitchen-1.17.0/lib/kitchen/command/action.rb:34:in `call'
E, [2018-01-09T16:54:31.422430 #6705] ERROR -- Kitchen: /opt/chefdk/embedded/lib/ruby/gems/2.4.0/gems/test-kitchen-1.17.0/lib/kitchen/cli.rb:53:in `perform'
E, [2018-01-09T16:54:31.422440 #6705] ERROR -- Kitchen: /opt/chefdk/embedded/lib/ruby/gems/2.4.0/gems/test-kitchen-1.17.0/lib/kitchen/cli.rb:187:in `block (2 levels) in <class:CLI>'
E, [2018-01-09T16:54:31.422451 #6705] ERROR -- Kitchen: /opt/chefdk/embedded/lib/ruby/gems/2.4.0/gems/thor-0.19.1/lib/thor/command.rb:27:in `run'
E, [2018-01-09T16:54:31.422461 #6705] ERROR -- Kitchen: /opt/chefdk/embedded/lib/ruby/gems/2.4.0/gems/thor-0.19.1/lib/thor/invocation.rb:126:in `invoke_command'
E, [2018-01-09T16:54:31.422509 #6705] ERROR -- Kitchen: /opt/chefdk/embedded/lib/ruby/gems/2.4.0/gems/test-kitchen-1.17.0/lib/kitchen/cli.rb:334:in `invoke_task'
E, [2018-01-09T16:54:31.422521 #6705] ERROR -- Kitchen: /opt/chefdk/embedded/lib/ruby/gems/2.4.0/gems/thor-0.19.1/lib/thor.rb:359:in `dispatch'
E, [2018-01-09T16:54:31.422532 #6705] ERROR -- Kitchen: /opt/chefdk/embedded/lib/ruby/gems/2.4.0/gems/thor-0.19.1/lib/thor/base.rb:440:in `start'
E, [2018-01-09T16:54:31.422544 #6705] ERROR -- Kitchen: /opt/chefdk/embedded/lib/ruby/gems/2.4.0/gems/test-kitchen-1.17.0/bin/kitchen:13:in `block in <top (required)>'
E, [2018-01-09T16:54:31.422554 #6705] ERROR -- Kitchen: /opt/chefdk/embedded/lib/ruby/gems/2.4.0/gems/test-kitchen-1.17.0/lib/kitchen/errors.rb:171:in `with_friendly_errors'
E, [2018-01-09T16:54:31.422564 #6705] ERROR -- Kitchen: /opt/chefdk/embedded/lib/ruby/gems/2.4.0/gems/test-kitchen-1.17.0/bin/kitchen:13:in `<top (required)>'
E, [2018-01-09T16:54:31.422574 #6705] ERROR -- Kitchen: /usr/local/bin/kitchen:267:in `load'
E, [2018-01-09T16:54:31.422583 #6705] ERROR -- Kitchen: /usr/local/bin/kitchen:267:in `<main>'
E, [2018-01-09T16:54:31.422593 #6705] ERROR -- Kitchen: ----End Backtrace-----
E, [2018-01-09T16:54:31.422603 #6705] ERROR -- Kitchen: -Composite Exception--
E, [2018-01-09T16:54:31.422612 #6705] ERROR -- Kitchen: Class: Kitchen::InstanceFailure
E, [2018-01-09T16:54:31.422639 #6705] ERROR -- Kitchen: Message: Converge failed on instance <outlyer-agent-ubuntu-1604>.  Please see .kitchen/logs/outlyer-agent-ubuntu-1604.log for more details
E, [2018-01-09T16:54:31.422653 #6705] ERROR -- Kitchen: ----------------------
E, [2018-01-09T16:54:31.422670 #6705] ERROR -- Kitchen: ------Backtrace-------
E, [2018-01-09T16:54:31.422689 #6705] ERROR -- Kitchen: /opt/chefdk/embedded/lib/ruby/gems/2.4.0/gems/test-kitchen-1.17.0/lib/kitchen/provisioner/base.rb:83:in `rescue in call'
E, [2018-01-09T16:54:31.422728 #6705] ERROR -- Kitchen: /opt/chefdk/embedded/lib/ruby/gems/2.4.0/gems/test-kitchen-1.17.0/lib/kitchen/provisioner/base.rb:86:in `call'
E, [2018-01-09T16:54:31.422740 #6705] ERROR -- Kitchen: /opt/chefdk/embedded/lib/ruby/gems/2.4.0/gems/test-kitchen-1.17.0/lib/kitchen/instance.rb:384:in `block in converge_action'
E, [2018-01-09T16:54:31.422750 #6705] ERROR -- Kitchen: /opt/chefdk/embedded/lib/ruby/gems/2.4.0/gems/test-kitchen-1.17.0/lib/kitchen/instance.rb:527:in `synchronize_or_call'
E, [2018-01-09T16:54:31.422760 #6705] ERROR -- Kitchen: /opt/chefdk/embedded/lib/ruby/gems/2.4.0/gems/test-kitchen-1.17.0/lib/kitchen/instance.rb:489:in `block in action'
E, [2018-01-09T16:54:31.422770 #6705] ERROR -- Kitchen: /opt/chefdk/embedded/lib/ruby/2.4.0/benchmark.rb:293:in `measure'
E, [2018-01-09T16:54:31.422779 #6705] ERROR -- Kitchen: /opt/chefdk/embedded/lib/ruby/gems/2.4.0/gems/test-kitchen-1.17.0/lib/kitchen/instance.rb:488:in `action'
E, [2018-01-09T16:54:31.422789 #6705] ERROR -- Kitchen: /opt/chefdk/embedded/lib/ruby/gems/2.4.0/gems/test-kitchen-1.17.0/lib/kitchen/instance.rb:380:in `converge_action'
E, [2018-01-09T16:54:31.422843 #6705] ERROR -- Kitchen: /opt/chefdk/embedded/lib/ruby/gems/2.4.0/gems/test-kitchen-1.17.0/lib/kitchen/instance.rb:359:in `block in transition_to'
E, [2018-01-09T16:54:31.422855 #6705] ERROR -- Kitchen: /opt/chefdk/embedded/lib/ruby/gems/2.4.0/gems/test-kitchen-1.17.0/lib/kitchen/instance.rb:358:in `each'
E, [2018-01-09T16:54:31.422866 #6705] ERROR -- Kitchen: /opt/chefdk/embedded/lib/ruby/gems/2.4.0/gems/test-kitchen-1.17.0/lib/kitchen/instance.rb:358:in `transition_to'
E, [2018-01-09T16:54:31.422876 #6705] ERROR -- Kitchen: /opt/chefdk/embedded/lib/ruby/gems/2.4.0/gems/test-kitchen-1.17.0/lib/kitchen/instance.rb:135:in `converge'
E, [2018-01-09T16:54:31.422886 #6705] ERROR -- Kitchen: /opt/chefdk/embedded/lib/ruby/gems/2.4.0/gems/test-kitchen-1.17.0/lib/kitchen/command.rb:197:in `public_send'
E, [2018-01-09T16:54:31.422895 #6705] ERROR -- Kitchen: /opt/chefdk/embedded/lib/ruby/gems/2.4.0/gems/test-kitchen-1.17.0/lib/kitchen/command.rb:197:in `run_action_in_thread'
E, [2018-01-09T16:54:31.422904 #6705] ERROR -- Kitchen: /opt/chefdk/embedded/lib/ruby/gems/2.4.0/gems/test-kitchen-1.17.0/lib/kitchen/command.rb:169:in `block (2 levels) in run_action'
E, [2018-01-09T16:54:31.422913 #6705] ERROR -- Kitchen: ----End Backtrace-----
E, [2018-01-09T16:54:31.422922 #6705] ERROR -- Kitchen: ---Nested Exception---
E, [2018-01-09T16:54:31.422931 #6705] ERROR -- Kitchen: Class: Kitchen::ActionFailed
E, [2018-01-09T16:54:31.422940 #6705] ERROR -- Kitchen: Message: SSH exited (1) for command: [sh -c '
TEST_KITCHEN="1"; export TEST_KITCHEN
sudo -E /opt/chef/bin/chef-solo --config /tmp/kitchen/solo.rb --log_level auto --no-color --json-attributes /tmp/kitchen/dna.json  --force-formatter 
']
E, [2018-01-09T16:54:31.422951 #6705] ERROR -- Kitchen: ----------------------
E, [2018-01-09T16:54:31.422973 #6705] ERROR -- Kitchen: ------Backtrace-------
E, [2018-01-09T16:54:31.422984 #6705] ERROR -- Kitchen: /opt/chefdk/embedded/lib/ruby/gems/2.4.0/gems/test-kitchen-1.17.0/lib/kitchen/provisioner/base.rb:83:in `rescue in call'
E, [2018-01-09T16:54:31.423000 #6705] ERROR -- Kitchen: /opt/chefdk/embedded/lib/ruby/gems/2.4.0/gems/test-kitchen-1.17.0/lib/kitchen/provisioner/base.rb:86:in `call'
E, [2018-01-09T16:54:31.423027 #6705] ERROR -- Kitchen: /opt/chefdk/embedded/lib/ruby/gems/2.4.0/gems/test-kitchen-1.17.0/lib/kitchen/instance.rb:384:in `block in converge_action'
E, [2018-01-09T16:54:31.423037 #6705] ERROR -- Kitchen: /opt/chefdk/embedded/lib/ruby/gems/2.4.0/gems/test-kitchen-1.17.0/lib/kitchen/instance.rb:527:in `synchronize_or_call'
E, [2018-01-09T16:54:31.423048 #6705] ERROR -- Kitchen: /opt/chefdk/embedded/lib/ruby/gems/2.4.0/gems/test-kitchen-1.17.0/lib/kitchen/instance.rb:489:in `block in action'
E, [2018-01-09T16:54:31.423057 #6705] ERROR -- Kitchen: /opt/chefdk/embedded/lib/ruby/2.4.0/benchmark.rb:293:in `measure'
E, [2018-01-09T16:54:31.423067 #6705] ERROR -- Kitchen: /opt/chefdk/embedded/lib/ruby/gems/2.4.0/gems/test-kitchen-1.17.0/lib/kitchen/instance.rb:488:in `action'
E, [2018-01-09T16:54:31.423081 #6705] ERROR -- Kitchen: /opt/chefdk/embedded/lib/ruby/gems/2.4.0/gems/test-kitchen-1.17.0/lib/kitchen/instance.rb:380:in `converge_action'
E, [2018-01-09T16:54:31.423091 #6705] ERROR -- Kitchen: /opt/chefdk/embedded/lib/ruby/gems/2.4.0/gems/test-kitchen-1.17.0/lib/kitchen/instance.rb:359:in `block in transition_to'
E, [2018-01-09T16:54:31.423101 #6705] ERROR -- Kitchen: /opt/chefdk/embedded/lib/ruby/gems/2.4.0/gems/test-kitchen-1.17.0/lib/kitchen/instance.rb:358:in `each'
E, [2018-01-09T16:54:31.423110 #6705] ERROR -- Kitchen: /opt/chefdk/embedded/lib/ruby/gems/2.4.0/gems/test-kitchen-1.17.0/lib/kitchen/instance.rb:358:in `transition_to'
E, [2018-01-09T16:54:31.423165 #6705] ERROR -- Kitchen: /opt/chefdk/embedded/lib/ruby/gems/2.4.0/gems/test-kitchen-1.17.0/lib/kitchen/instance.rb:135:in `converge'
E, [2018-01-09T16:54:31.423176 #6705] ERROR -- Kitchen: /opt/chefdk/embedded/lib/ruby/gems/2.4.0/gems/test-kitchen-1.17.0/lib/kitchen/command.rb:197:in `public_send'
E, [2018-01-09T16:54:31.423185 #6705] ERROR -- Kitchen: /opt/chefdk/embedded/lib/ruby/gems/2.4.0/gems/test-kitchen-1.17.0/lib/kitchen/command.rb:197:in `run_action_in_thread'
E, [2018-01-09T16:54:31.423195 #6705] ERROR -- Kitchen: /opt/chefdk/embedded/lib/ruby/gems/2.4.0/gems/test-kitchen-1.17.0/lib/kitchen/command.rb:169:in `block (2 levels) in run_action'
E, [2018-01-09T16:54:31.423205 #6705] ERROR -- Kitchen: ----End Backtrace-----
